<?xml version="1.0" encoding="UTF-8"?>
<!-- Generated by org.testng.reporters.JUnitXMLReporter -->
<testsuite hostname="DESKTOP-VN1ESIG" failures="0" tests="2" name="Error vaalidation Test" time="22.345" errors="0" timestamp="21 Feb 2024 17:57:48 GMT">
  <testcase classname="rahulshettyacademy.Tests.ErrorValidationTest" name="LoginErrorValidation" time="0.51"/>
  <testcase classname="rahulshettyacademy.Tests.ErrorValidationTest" name="productErrorValidation" time="13.698"/>
</testsuite> <!-- Error vaalidation Test -->
