<?xml version="1.0" encoding="UTF-8"?>
<!-- Generated by org.testng.reporters.JUnitXMLReporter -->
<testsuite hostname="DESKTOP-VN1ESIG" failures="0" tests="2" name="Error vaalidation Test" time="23.886" errors="0" timestamp="6 Mar 2024 18:10:39 GMT">
  <testcase classname="rahulshettyacademy.Tests.ErrorValidationTest" name="LoginErrorValidation" time="1.668"/>
  <testcase classname="rahulshettyacademy.Tests.ErrorValidationTest" name="productErrorValidation" time="15.268"/>
</testsuite> <!-- Error vaalidation Test -->
